Building DAG of jobs...
Using shell: /bin/bash
Provided cores: 1 (use --cores to define parallelism)
Rules claiming more threads will be scaled down.
Job counts:
	count	jobs
	1	exploratory_analysis
	1

[Mon Jul 13 15:35:10 2020]
rule exploratory_analysis:
    input: Data/kompdf
    output: Plots/komp-exp1.pdf, Plots/komp-exp2.pdf
    jobid: 0

[Mon Jul 13 15:35:30 2020]
Error in rule exploratory_analysis:
    jobid: 0
    output: Plots/komp-exp1.pdf, Plots/komp-exp2.pdf

RuleException:
CalledProcessError in line 6 of /Users/sabnig/Lab-Projects/Analysis/Komp-Gait-Analysis/Snakefile:
Command 'set -euo pipefail;  Rscript --vanilla /Users/sabnig/Lab-Projects/Analysis/Komp-Gait-Analysis/.snakemake/scripts/tmpfxdoqwj5.exploratory.R' returned non-zero exit status 1.
  File "/Users/sabnig/Lab-Projects/Analysis/Komp-Gait-Analysis/Snakefile", line 6, in __rule_exploratory_analysis
  File "/usr/local/Cellar/python/3.7.7/Frameworks/Python.framework/Versions/3.7/lib/python3.7/concurrent/futures/thread.py", line 57, in run
Shutting down, this might take some time.
Exiting because a job execution failed. Look above for error message
Complete log: /Users/sabnig/Lab-Projects/Analysis/Komp-Gait-Analysis/.snakemake/log/2020-07-13T153510.111316.snakemake.log
